#-----------------------------------------------------------
# Vivado v2019.1.2 (64-bit)
# SW Build 2615518 on Fri Aug  9 15:53:29 MDT 2019
# IP Build 2614745 on Fri Aug  9 20:55:02 MDT 2019
# Start of session at: Tue Oct 29 15:34:45 2019
# Process ID: 12606
# Current directory: /afs/athena.mit.edu/user/d/i/dianah13/ddl/6.111
# Command line: vivado
# Log file: /afs/athena.mit.edu/user/d/i/dianah13/ddl/6.111/vivado.log
# Journal file: /afs/athena.mit.edu/user/d/i/dianah13/ddl/6.111/vivado.jou
#-----------------------------------------------------------
start_gui
create_project final_project /afs/athena.mit.edu/user/d/i/dianah13/ddl/6.111/final_project -part xc7a100tcsg324-1
INFO: [IP_Flow 19-234] Refreshing IP repositories
INFO: [IP_Flow 19-1704] No user IP repositories specified
INFO: [IP_Flow 19-2313] Loaded Vivado IP repository '/var/local/xilinx-local/Vivado/2019.1/data/ip'.
set_property board_part digilentinc.com:nexys4_ddr:part0:1.1 [current_project]
file mkdir /afs/athena.mit.edu/user/d/i/dianah13/ddl/6.111/final_project/final_project.srcs/sources_1/new
close [ open /afs/athena.mit.edu/user/d/i/dianah13/ddl/6.111/final_project/final_project.srcs/sources_1/new/sprite_test.sv w ]
add_files /afs/athena.mit.edu/user/d/i/dianah13/ddl/6.111/final_project/final_project.srcs/sources_1/new/sprite_test.sv
close [ open /afs/athena.mit.edu/user/d/i/dianah13/ddl/6.111/final_project/final_project.srcs/sources_1/new/sprite_top.sv w ]
add_files /afs/athena.mit.edu/user/d/i/dianah13/ddl/6.111/final_project/final_project.srcs/sources_1/new/sprite_top.sv
update_compile_order -fileset sources_1
